[0m23:14:06.161081 [debug] [MainThread]: Sending event: {'category': 'dbt', 'action': 'invocation', 'label': 'start', 'context': [<snowplow_tracker.self_describing_json.SelfDescribingJson object at 0x10fbe4950>, <snowplow_tracker.self_describing_json.SelfDescribingJson object at 0x10fb266d0>, <snowplow_tracker.self_describing_json.SelfDescribingJson object at 0x10b1f9410>]}


============================== 23:14:06.166651 | 4ac1058a-1209-4f85-b169-094eb9e3a823 ==============================
[0m23:14:06.166651 [info ] [MainThread]: Running with dbt=1.7.0
[0m23:14:06.167396 [debug] [MainThread]: running dbt with arguments {'printer_width': '80', 'indirect_selection': 'eager', 'log_cache_events': 'False', 'write_json': 'True', 'partial_parse': 'True', 'cache_selected_only': 'False', 'profiles_dir': '.', 'fail_fast': 'False', 'warn_error': 'None', 'log_path': 'logs', 'version_check': 'True', 'debug': 'False', 'use_colors': 'True', 'use_experimental_parser': 'False', 'no_print': 'None', 'quiet': 'False', 'warn_error_options': 'WarnErrorOptions(include=[], exclude=[])', 'introspect': 'True', 'log_format': 'default', 'static_parser': 'True', 'target_path': 'None', 'invocation_command': 'dbt debug --profiles-dir .', 'send_anonymous_usage_stats': 'True'}
[0m23:14:06.168214 [info ] [MainThread]: dbt version: 1.7.0
[0m23:14:06.168721 [info ] [MainThread]: python version: 3.11.9
[0m23:14:06.169213 [info ] [MainThread]: python path: /Users/narensham/Documents/Projects/Cursor/buildcpg-labs/lab2_market_sentiment/lab2_env/bin/python
[0m23:14:06.169678 [info ] [MainThread]: os info: macOS-11.2.3-x86_64-i386-64bit
[0m23:14:06.170174 [info ] [MainThread]: Using profiles dir at .
[0m23:14:06.170642 [info ] [MainThread]: Using profiles.yml file at ./profiles.yml
[0m23:14:06.171088 [info ] [MainThread]: Using dbt_project.yml file at /Users/narensham/Documents/Projects/Cursor/buildcpg-labs/lab2_market_sentiment/dbt_project.yml
[0m23:14:06.171563 [info ] [MainThread]: Configuration:
[0m23:14:06.172203 [info ] [MainThread]:   profiles.yml file [[31mERROR not found[0m]
[0m23:14:06.172700 [info ] [MainThread]:   dbt_project.yml file [[31mERROR not found[0m]
[0m23:14:06.173144 [info ] [MainThread]: Required dependencies:
[0m23:14:06.173684 [debug] [MainThread]: Executing "git --help"
[0m23:14:06.180948 [debug] [MainThread]: STDOUT: "b"usage: git [--version] [--help] [-C <path>] [-c <name>=<value>]\n           [--exec-path[=<path>]] [--html-path] [--man-path] [--info-path]\n           [-p | --paginate | -P | --no-pager] [--no-replace-objects] [--bare]\n           [--git-dir=<path>] [--work-tree=<path>] [--namespace=<name>]\n           [--super-prefix=<path>] [--config-env=<name>=<envvar>]\n           <command> [<args>]\n\nThese are common Git commands used in various situations:\n\nstart a working area (see also: git help tutorial)\n   clone             Clone a repository into a new directory\n   init              Create an empty Git repository or reinitialize an existing one\n\nwork on the current change (see also: git help everyday)\n   add               Add file contents to the index\n   mv                Move or rename a file, a directory, or a symlink\n   restore           Restore working tree files\n   rm                Remove files from the working tree and from the index\n   sparse-checkout   Initialize and modify the sparse-checkout\n\nexamine the history and state (see also: git help revisions)\n   bisect            Use binary search to find the commit that introduced a bug\n   diff              Show changes between commits, commit and working tree, etc\n   grep              Print lines matching a pattern\n   log               Show commit logs\n   show              Show various types of objects\n   status            Show the working tree status\n\ngrow, mark and tweak your common history\n   branch            List, create, or delete branches\n   commit            Record changes to the repository\n   merge             Join two or more development histories together\n   rebase            Reapply commits on top of another base tip\n   reset             Reset current HEAD to the specified state\n   switch            Switch branches\n   tag               Create, list, delete or verify a tag object signed with GPG\n\ncollaborate (see also: git help workflows)\n   fetch             Download objects and refs from another repository\n   pull              Fetch from and integrate with another repository or a local branch\n   push              Update remote refs along with associated objects\n\n'git help -a' and 'git help -g' list available subcommands and some\nconcept guides. See 'git help <command>' or 'git help <concept>'\nto read about a specific subcommand or concept.\nSee 'git help git' for an overview of the system.\n""
[0m23:14:06.182256 [debug] [MainThread]: STDERR: "b''"
[0m23:14:06.182890 [info ] [MainThread]:  - git [[32mOK found[0m]

[0m23:14:06.183421 [info ] [MainThread]: Connection test skipped since no profile was found
[0m23:14:06.183968 [info ] [MainThread]: [31m2 checks failed:[0m
[0m23:14:06.184436 [info ] [MainThread]: dbt looked for a profiles.yml file in ./profiles.yml, but did
not find one. For more information on configuring your profile, consult the
documentation:

https://docs.getdbt.com/docs/configure-your-profile


[0m23:14:06.184912 [info ] [MainThread]: Project loading failed for the following reason:
 project path </Users/narensham/Documents/Projects/Cursor/buildcpg-labs/lab2_market_sentiment/dbt_project.yml> not found

[0m23:14:06.187767 [debug] [MainThread]: Resource report: {"command_name": "debug", "command_wall_clock_time": 0.047138985, "process_user_time": 2.141542, "process_kernel_time": 0.31694, "process_mem_max_rss": "114421760", "command_success": false, "process_in_blocks": "0", "process_out_blocks": "0"}
[0m23:14:06.189172 [debug] [MainThread]: Command `dbt debug` failed at 23:14:06.188655 after 0.05 seconds
[0m23:14:06.190088 [debug] [MainThread]: Sending event: {'category': 'dbt', 'action': 'invocation', 'label': 'end', 'context': [<snowplow_tracker.self_describing_json.SelfDescribingJson object at 0x10d535b50>, <snowplow_tracker.self_describing_json.SelfDescribingJson object at 0x10fbf9550>, <snowplow_tracker.self_describing_json.SelfDescribingJson object at 0x10fb0ab90>]}
[0m23:14:06.190778 [debug] [MainThread]: Flushing usage events
[0m18:51:02.776170 [debug] [MainThread]: Sending event: {'category': 'dbt', 'action': 'invocation', 'label': 'start', 'context': [<snowplow_tracker.self_describing_json.SelfDescribingJson object at 0x10a1e9c50>, <snowplow_tracker.self_describing_json.SelfDescribingJson object at 0x10a562790>, <snowplow_tracker.self_describing_json.SelfDescribingJson object at 0x10a562650>]}


============================== 18:51:02.782201 | 93084464-fc03-4587-bf96-f7d363860ac2 ==============================
[0m18:51:02.782201 [info ] [MainThread]: Running with dbt=1.7.0
[0m18:51:02.783100 [debug] [MainThread]: running dbt with arguments {'printer_width': '80', 'indirect_selection': 'eager', 'write_json': 'True', 'log_cache_events': 'False', 'partial_parse': 'True', 'cache_selected_only': 'False', 'warn_error': 'None', 'fail_fast': 'False', 'profiles_dir': '/Users/narensham/.dbt', 'log_path': 'logs', 'debug': 'False', 'version_check': 'True', 'use_colors': 'True', 'use_experimental_parser': 'False', 'no_print': 'None', 'quiet': 'False', 'warn_error_options': 'WarnErrorOptions(include=[], exclude=[])', 'static_parser': 'True', 'invocation_command': 'dbt deps', 'introspect': 'True', 'target_path': 'None', 'log_format': 'default', 'send_anonymous_usage_stats': 'True'}
[0m18:51:02.784248 [error] [MainThread]: Encountered an error:
Runtime Error
  No dbt_project.yml found at expected path /Users/narensham/Documents/Projects/Cursor/buildcpg-labs/lab2_market_sentiment/dbt_project.yml
  Verify that each entry within packages.yml (and their transitive dependencies) contains a file named dbt_project.yml
  
[0m18:51:02.785948 [debug] [MainThread]: Resource report: {"command_name": "deps", "command_wall_clock_time": 0.07810496, "process_user_time": 2.627167, "process_kernel_time": 0.251337, "process_mem_max_rss": "115843072", "command_success": false, "process_in_blocks": "0", "process_out_blocks": "0"}
[0m18:51:02.786705 [debug] [MainThread]: Command `dbt deps` failed at 18:51:02.786480 after 0.08 seconds
[0m18:51:02.787301 [debug] [MainThread]: Sending event: {'category': 'dbt', 'action': 'invocation', 'label': 'end', 'context': [<snowplow_tracker.self_describing_json.SelfDescribingJson object at 0x10a5c3e10>, <snowplow_tracker.self_describing_json.SelfDescribingJson object at 0x1058be010>, <snowplow_tracker.self_describing_json.SelfDescribingJson object at 0x10a209790>]}
[0m18:51:02.788021 [debug] [MainThread]: Flushing usage events
